<?xml version="1.0" encoding="UTF-8"?>
<!-- Generated by org.testng.reporters.JUnitXMLReporter -->
<testsuite ignored="0" hostname="MSI" failures="0" tests="3" name="Default test" time="46.857" errors="0" timestamp="2024-07-18T20:18:51 IST">
  <testcase classname="com.seleniumtraining.day3.TestNgSampleCls" name="LoginTest01" time="6.26"/>
  <testcase classname="com.seleniumtraining.day3.TestNgSampleCls" name="LoginTest02" time="5.241"/>
  <testcase classname="com.seleniumtraining.day3.TestNgSampleCls" name="LoginTest03" time="5.253"/>
</testsuite> <!-- Default test -->
